<?xml version="1.0" encoding="UTF-8"?>
<testsuite xmlns:xsi="http://www.w3.org/2001/XMLSchema-instance" xsi:noNamespaceSchemaLocation="https://maven.apache.org/surefire/maven-surefire-plugin/xsd/surefire-test-report-3.0.xsd" version="3.0" name="com.example.contactagenda.ContactControllerTest" time="3.434" tests="3" errors="0" skipped="0" failures="0">
  <properties>
[...]
</properties>
  <testcase name="testGetAllContacts" classname="com.example.contactagenda.ContactControllerTest" time="0.527">
    <system-out><![CDATA[20:28:39.477 [main] INFO org.springframework.test.context.support.AnnotationConfigContextLoaderUtils -- Could not detect default configuration classes for test class [com.example.contactagenda.ContactControllerTest]: ContactControllerTest does not declare any static, non-private, non-final, nested classes annotated with @Configuration.
20:28:39.542 [main] INFO org.springframework.boot.test.context.SpringBootTestContextBootstrapper -- Found @SpringBootConfiguration com.example.contactagenda.ContactAgendaApplication for test class com.example.contactagenda.ContactControllerTest

  .   ____          _            __ _ _
 /\\ / ___'_ __ _ _(_)_ __  __ _ \ \ \ \
( ( )\___ | '_ | '_| | '_ \/ _` | \ \ \ \
 \\/  ___)| |_)| | | | | || (_| |  ) ) ) )
  '  |____| .__|_| |_|_| |_\__, | / / / /
 =========|_|==============|___/=/_/_/_/
 :: Spring Boot ::                (v3.2.5)

2025-06-25T20:28:39.819-04:00  INFO 112534 --- [           main] c.e.contactagenda.ContactControllerTest  : Starting ContactControllerTest using Java 21.0.8-ea with PID 112534 (started by marcelo in /home/marcelo/projects/cursoia/estrategia-treinamento-genai-pratica/contact-agenda-api)
2025-06-25T20:28:39.820-04:00  INFO 112534 --- [           main] c.e.contactagenda.ContactControllerTest  : No active profile set, falling back to 1 default profile: "default"
2025-06-25T20:28:40.231-04:00  INFO 112534 --- [           main] .s.d.r.c.RepositoryConfigurationDelegate : Bootstrapping Spring Data JPA repositories in DEFAULT mode.
2025-06-25T20:28:40.271-04:00  INFO 112534 --- [           main] .s.d.r.c.RepositoryConfigurationDelegate : Finished Spring Data repository scanning in 34 ms. Found 1 JPA repository interface.
2025-06-25T20:28:40.603-04:00  INFO 112534 --- [           main] o.hibernate.jpa.internal.util.LogHelper  : HHH000204: Processing PersistenceUnitInfo [name: default]
2025-06-25T20:28:40.637-04:00  INFO 112534 --- [           main] org.hibernate.Version                    : HHH000412: Hibernate ORM core version 6.4.4.Final
2025-06-25T20:28:40.672-04:00  INFO 112534 --- [           main] o.h.c.internal.RegionFactoryInitiator    : HHH000026: Second-level cache disabled
2025-06-25T20:28:40.828-04:00  INFO 112534 --- [           main] o.s.o.j.p.SpringPersistenceUnitInfo      : No LoadTimeWeaver setup: ignoring JPA class transformer
2025-06-25T20:28:40.846-04:00  INFO 112534 --- [           main] com.zaxxer.hikari.HikariDataSource       : HikariPool-1 - Starting...
2025-06-25T20:28:40.989-04:00  INFO 112534 --- [           main] com.zaxxer.hikari.pool.HikariPool        : HikariPool-1 - Added connection conn0: url=jdbc:h2:mem:contact_agenda user=SA
2025-06-25T20:28:40.990-04:00  INFO 112534 --- [           main] com.zaxxer.hikari.HikariDataSource       : HikariPool-1 - Start completed.
2025-06-25T20:28:41.007-04:00  WARN 112534 --- [           main] org.hibernate.orm.deprecation            : HHH90000025: H2Dialect does not need to be specified explicitly using 'hibernate.dialect' (remove the property setting and it will be selected by default)
2025-06-25T20:28:41.466-04:00  INFO 112534 --- [           main] o.h.e.t.j.p.i.JtaPlatformInitiator       : HHH000489: No JTA platform available (set 'hibernate.transaction.jta.platform' to enable JTA platform integration)
Hibernate: create table contact (id bigint not null, email varchar(255), name varchar(255), notes varchar(255), phone varchar(255), primary key (id))
2025-06-25T20:28:41.501-04:00  INFO 112534 --- [           main] j.LocalContainerEntityManagerFactoryBean : Initialized JPA EntityManagerFactory for persistence unit 'default'
2025-06-25T20:28:41.836-04:00  WARN 112534 --- [           main] JpaBaseConfiguration$JpaWebConfiguration : spring.jpa.open-in-view is enabled by default. Therefore, database queries may be performed during view rendering. Explicitly configure spring.jpa.open-in-view to disable this warning
2025-06-25T20:28:42.080-04:00  INFO 112534 --- [           main] o.s.b.a.h2.H2ConsoleAutoConfiguration    : H2 console available at '/h2-console'. Database available at 'jdbc:h2:mem:contact_agenda'
2025-06-25T20:28:42.121-04:00  INFO 112534 --- [           main] o.s.b.t.m.w.SpringBootMockServletContext : Initializing Spring TestDispatcherServlet ''
2025-06-25T20:28:42.121-04:00  INFO 112534 --- [           main] o.s.t.web.servlet.TestDispatcherServlet  : Initializing Servlet ''
2025-06-25T20:28:42.122-04:00  INFO 112534 --- [           main] o.s.t.web.servlet.TestDispatcherServlet  : Completed initialization in 1 ms
2025-06-25T20:28:42.137-04:00  INFO 112534 --- [           main] c.e.contactagenda.ContactControllerTest  : Started ContactControllerTest in 2.499 seconds (process running for 3.082)
Hibernate: select c1_0.id,c1_0.email,c1_0.name,c1_0.notes,c1_0.phone from contact c1_0
]]></system-out>
    <system-err><![CDATA[WARNING: A Java agent has been loaded dynamically (/home/marcelo/.m2/repository/net/bytebuddy/byte-buddy-agent/1.14.9/byte-buddy-agent-1.14.9.jar)
WARNING: If a serviceability tool is in use, please run with -XX:+EnableDynamicAgentLoading to hide this warning
WARNING: If a serviceability tool is not in use, please run with -Djdk.instrument.traceUsage for more information
WARNING: Dynamic loading of agents will be disallowed by default in a future release
]]></system-err>
  </testcase>
  <testcase name="testSearchContactsByName" classname="com.example.contactagenda.ContactControllerTest" time="0.117">
    <system-out><![CDATA[Hibernate: select c1_0.id,c1_0.email,c1_0.name,c1_0.notes,c1_0.phone from contact c1_0 where c1_0.id=?
Hibernate: insert into contact (email,name,notes,phone,id) values (?,?,?,?,?)
Hibernate: select c1_0.id,c1_0.email,c1_0.name,c1_0.notes,c1_0.phone from contact c1_0 where upper(c1_0.name) like upper(?) escape '\'
]]></system-out>
  </testcase>
  <testcase name="testAddContact" classname="com.example.contactagenda.ContactControllerTest" time="0.006">
    <system-out><![CDATA[Hibernate: select c1_0.id,c1_0.email,c1_0.name,c1_0.notes,c1_0.phone from contact c1_0 where c1_0.id=?
]]></system-out>
  </testcase>
</testsuite>