<?xml version="1.0" encoding="UTF-8"?>
<testsuite xmlns:xsi="http://www.w3.org/2001/XMLSchema-instance" xsi:noNamespaceSchemaLocation="https://maven.apache.org/surefire/maven-surefire-plugin/xsd/surefire-test-report-3.0.xsd" version="3.0" name="com.example.jarlanagenda.StatusControllerTest" time="2.848" tests="1" errors="0" skipped="0" failures="0">
  <properties>
[...]
</properties>
  <testcase name="statusEndpointReturnsHelloWorld" classname="com.example.jarlanagenda.StatusControllerTest" time="0.646">
    <system-out><![CDATA[20:23:34.317 [main] INFO org.springframework.test.context.support.AnnotationConfigContextLoaderUtils -- Could not detect default configuration classes for test class [com.example.jarlanagenda.StatusControllerTest]: StatusControllerTest does not declare any static, non-private, non-final, nested classes annotated with @Configuration.
20:23:34.444 [main] INFO org.springframework.boot.test.context.SpringBootTestContextBootstrapper -- Found @SpringBootConfiguration com.example.jarlanagenda.JarlanAgendaApplication for test class com.example.jarlanagenda.StatusControllerTest

  .   ____          _            __ _ _
 /\\ / ___'_ __ _ _(_)_ __  __ _ \ \ \ \
( ( )\___ | '_ | '_| | '_ \/ _` | \ \ \ \
 \\/  ___)| |_)| | | | | || (_| |  ) ) ) )
  '  |____| .__|_| |_|_| |_\__, | / / / /
 =========|_|==============|___/=/_/_/_/
 :: Spring Boot ::                (v3.2.6)

2025-06-25T20:23:34.900-04:00  INFO 3212 --- [           main] c.e.jarlanagenda.StatusControllerTest    : Starting StatusControllerTest using Java 24.0.1 with PID 3212 (started by Jarlan in C:\Users\Jarlan\Desktop\curso\estrategia-treinamento-genai-pratica\jarlan-agenda)
2025-06-25T20:23:34.902-04:00  INFO 3212 --- [           main] c.e.jarlanagenda.StatusControllerTest    : No active profile set, falling back to 1 default profile: "default"
2025-06-25T20:23:35.924-04:00  INFO 3212 --- [           main] o.s.b.w.embedded.tomcat.TomcatWebServer  : Tomcat initialized with port 0 (http)
2025-06-25T20:23:35.935-04:00  INFO 3212 --- [           main] o.apache.catalina.core.StandardService   : Starting service [Tomcat]
2025-06-25T20:23:35.936-04:00  INFO 3212 --- [           main] o.apache.catalina.core.StandardEngine    : Starting Servlet engine: [Apache Tomcat/10.1.24]
2025-06-25T20:23:35.980-04:00  INFO 3212 --- [           main] o.a.c.c.C.[Tomcat].[localhost].[/]       : Initializing Spring embedded WebApplicationContext
2025-06-25T20:23:35.981-04:00  INFO 3212 --- [           main] w.s.c.ServletWebServerApplicationContext : Root WebApplicationContext: initialization completed in 1053 ms
2025-06-25T20:23:36.369-04:00  INFO 3212 --- [           main] o.s.b.w.embedded.tomcat.TomcatWebServer  : Tomcat started on port 54877 (http) with context path ''
2025-06-25T20:23:36.378-04:00  INFO 3212 --- [           main] c.e.jarlanagenda.StatusControllerTest    : Started StatusControllerTest in 1.776 seconds (process running for 2.66)
2025-06-25T20:23:36.933-04:00  INFO 3212 --- [o-auto-1-exec-1] o.a.c.c.C.[Tomcat].[localhost].[/]       : Initializing Spring DispatcherServlet 'dispatcherServlet'
2025-06-25T20:23:36.934-04:00  INFO 3212 --- [o-auto-1-exec-1] o.s.web.servlet.DispatcherServlet        : Initializing Servlet 'dispatcherServlet'
2025-06-25T20:23:36.935-04:00  INFO 3212 --- [o-auto-1-exec-1] o.s.web.servlet.DispatcherServlet        : Completed initialization in 1 ms
]]></system-out>
    <system-err><![CDATA[WARNING: A Java agent has been loaded dynamically (C:\Users\Jarlan\.m2\repository\net\bytebuddy\byte-buddy-agent\1.14.16\byte-buddy-agent-1.14.16.jar)
WARNING: If a serviceability tool is in use, please run with -XX:+EnableDynamicAgentLoading to hide this warning
WARNING: If a serviceability tool is not in use, please run with -Djdk.instrument.traceUsage for more information
WARNING: Dynamic loading of agents will be disallowed by default in a future release
]]></system-err>
  </testcase>
</testsuite>